<?xml version="1.0" encoding="UTF-8"?>
<!-- Generated by org.testng.reporters.JUnitXMLReporter -->
<testsuite ignored="1" hostname="DESKTOP-ICBESEQ" failures="1" tests="1" name="Default test(failed)" time="0.111" errors="0" timestamp="2023-01-04T22:40:42 IST">
  <testcase classname="Test_NG.Timeouts" name="TC2" time="0.027">
    <failure type="java.lang.AssertionError" message="null">
      <![CDATA[java.lang.AssertionError: null
at Test_NG.Timeouts.TC2(Timeouts.java:22)
at java.base/java.util.ArrayList.forEach(ArrayList.java:1511)
... Removed 27 stack frames]]>
    </failure>
  </testcase> <!-- TC2 -->
  <testcase classname="Test_NG.Timeouts" name="TC1" time="0.0">
    <ignored/>
  </testcase> <!-- TC1 -->
</testsuite> <!-- Default test(failed) -->
