<?xml version="1.0" encoding="UTF-8"?>
<!-- Generated by org.testng.reporters.JUnitXMLReporter -->
<testsuite ignored="1" hostname="DESKTOP-ICBESEQ" failures="0" tests="1" name="Default test(failed)(failed)" time="0.077" errors="0" timestamp="2023-01-04T22:41:17 IST">
  <testcase classname="Test_NG.Timeouts" name="TC2" time="0.017"/>
  <testcase classname="Test_NG.Timeouts" name="TC1" time="0.0">
    <ignored/>
  </testcase> <!-- TC1 -->
</testsuite> <!-- Default test(failed)(failed) -->
