<?xml version="1.0" encoding="UTF-8"?>
<testng-results ignored="0" total="1" passed="1" failed="0" skipped="0">
  <reporter-output>
    <line>
      <![CDATA[running verify text]]>
    </line>
    <line>
      <![CDATA[loguot from app]]>
    </line>
    <line>
      <![CDATA[close the browser]]>
    </line>
  </reporter-output>
  <suite started-at="2023-01-11T23:13:42 IST" name="Default suite" finished-at="2023-01-11T23:14:05 IST" duration-ms="23157">
    <groups>
    </groups>
    <test started-at="2023-01-11T23:13:42 IST" name="Default test" finished-at="2023-01-11T23:14:05 IST" duration-ms="23157">
      <class name="Pagefactory_testNG.Test1">
        <test-method is-config="true" signature="openBrowser()[pri:0, instance:Pagefactory_testNG.Test1@2df9b86]" started-at="2023-01-11T23:13:42 IST" name="openBrowser" finished-at="2023-01-11T23:13:57 IST" duration-ms="15196" status="PASS">
          <reporter-output>
          </reporter-output>
        </test-method> <!-- openBrowser -->
        <test-method is-config="true" signature="openApp()[pri:0, instance:Pagefactory_testNG.Test1@2df9b86]" started-at="2023-01-11T23:13:57 IST" name="openApp" finished-at="2023-01-11T23:13:58 IST" duration-ms="804" status="PASS">
          <reporter-output>
          </reporter-output>
        </test-method> <!-- openApp -->
        <test-method signature="verifytext()[pri:0, instance:Pagefactory_testNG.Test1@2df9b86]" started-at="2023-01-11T23:13:58 IST" name="verifytext" finished-at="2023-01-11T23:14:05 IST" duration-ms="7080" status="PASS">
          <reporter-output>
            <line>
              <![CDATA[running verify text]]>
            </line>
          </reporter-output>
        </test-method> <!-- verifytext -->
        <test-method is-config="true" signature="logout()[pri:0, instance:Pagefactory_testNG.Test1@2df9b86]" started-at="2023-01-11T23:14:05 IST" name="logout" finished-at="2023-01-11T23:14:05 IST" duration-ms="0" status="PASS">
          <reporter-output>
            <line>
              <![CDATA[loguot from app]]>
            </line>
          </reporter-output>
        </test-method> <!-- logout -->
        <test-method is-config="true" signature="closeBrowser()[pri:0, instance:Pagefactory_testNG.Test1@2df9b86]" started-at="2023-01-11T23:14:05 IST" name="closeBrowser" finished-at="2023-01-11T23:14:05 IST" duration-ms="1" status="PASS">
          <reporter-output>
            <line>
              <![CDATA[close the browser]]>
            </line>
          </reporter-output>
        </test-method> <!-- closeBrowser -->
      </class> <!-- Pagefactory_testNG.Test1 -->
    </test> <!-- Default test -->
  </suite> <!-- Default suite -->
</testng-results>
